<?xml version="1.0" encoding="UTF-8"?>
<!-- Generated by org.testng.reporters.JUnitXMLReporter -->
<testsuite ignored="0" hostname="fv-az1543-44" failures="3" tests="12" name="Test" time="132.481" errors="0" timestamp="01 Feb 2024 19:41:09 GMT">
  <testcase classname="Test.login" name="LoginTest" time="7.227"/>
  <testcase classname="Test.login" name="CreateCategoryTest" time="12.682">
    <failure type="java.awt.AWTException" message="headless environment">
      <![CDATA[java.awt.AWTException: headless environment
at java.desktop/java.awt.Robot.<init>(Robot.java:97)
at PageEvents.CategoriesPageEvents.UploadTheImage(CategoriesPageEvents.java:140)
at Test.login.CreateCategoryTest(login.java:123)
... Removed 28 stack frames]]>
    </failure>
  </testcase> <!-- CreateCategoryTest -->
  <testcase classname="Test.login" name="addBrands" time="11.228"/>
  <testcase classname="Test.login" name="DeleteProduct" time="12.512"/>
  <testcase classname="Test.login" name="EditProduct" time="16.682">
    <failure type="org.openqa.selenium.NoSuchElementException" message="no such element: Unable to locate element: {&amp;quot;method&amp;quot;:&amp;quot;xpath&amp;quot;,&amp;quot;selector&amp;quot;:&amp;quot;//input[@id=&amp;apos;videourl&amp;apos;]&amp;quot;}
  (Session info: chrome-headless-shell=121.0.6167.85)
For documentation on this error, please visit: https://selenium.dev/exceptions/#no_such_element
Build info: version: &amp;apos;4.1.0&amp;apos;, revision: &amp;apos;87802e897b&amp;apos;
System info: host: &amp;apos;fv-az1543-44&amp;apos;, ip: &amp;apos;10.1.0.178&amp;apos;, os.name: &amp;apos;Linux&amp;apos;, os.arch: &amp;apos;amd64&amp;apos;, os.version: &amp;apos;6.2.0-1019-azure&amp;apos;, java.version: &amp;apos;11.0.22&amp;apos;
Driver info: org.openqa.selenium.chrome.ChromeDriver
Command: [17cbacbc50939593011ab951b7e43ee1, findElement {using=xpath, value=//input[@id=&amp;apos;videourl&amp;apos;]}]
Capabilities {acceptInsecureCerts: false, browserName: chrome-headless-shell, browserVersion: 121.0.6167.85, chrome: {chromedriverVersion: 121.0.6167.85 (3f98d690ad7e..., userDataDir: /tmp/.org.chromium.Chromium...}, fedcm:accounts: true, goog:chromeOptions: {debuggerAddress: localhost:39825}, javascriptEnabled: true, networkConnectionEnabled: false, pageLoadStrategy: normal, platform: LINUX, platformName: LINUX, proxy: Proxy(), se:cdp: ws://localhost:39825/devtoo..., se:cdpVersion: 121.0.6167.85, setWindowRect: true, strictFileInteractability: false, timeouts: {implicit: 0, pageLoad: 300000, script: 30000}, unhandledPromptBehavior: dismiss and notify, webauthn:extension:credBlob: true, webauthn:extension:largeBlob: true, webauthn:extension:minPinLength: true, webauthn:extension:prf: true, webauthn:virtualAuthenticators: true}
Session ID: 17cbacbc50939593011ab951b7e43ee1">
      <![CDATA[org.openqa.selenium.NoSuchElementException: no such element: Unable to locate element: {"method":"xpath","selector":"//input[@id='videourl']"}
  (Session info: chrome-headless-shell=121.0.6167.85)
For documentation on this error, please visit: https://selenium.dev/exceptions/#no_such_element
Build info: version: '4.1.0', revision: '87802e897b'
System info: host: 'fv-az1543-44', ip: '10.1.0.178', os.name: 'Linux', os.arch: 'amd64', os.version: '6.2.0-1019-azure', java.version: '11.0.22'
Driver info: org.openqa.selenium.chrome.ChromeDriver
Command: [17cbacbc50939593011ab951b7e43ee1, findElement {using=xpath, value=//input[@id='videourl']}]
Capabilities {acceptInsecureCerts: false, browserName: chrome-headless-shell, browserVersion: 121.0.6167.85, chrome: {chromedriverVersion: 121.0.6167.85 (3f98d690ad7e..., userDataDir: /tmp/.org.chromium.Chromium...}, fedcm:accounts: true, goog:chromeOptions: {debuggerAddress: localhost:39825}, javascriptEnabled: true, networkConnectionEnabled: false, pageLoadStrategy: normal, platform: LINUX, platformName: LINUX, proxy: Proxy(), se:cdp: ws://localhost:39825/devtoo..., se:cdpVersion: 121.0.6167.85, setWindowRect: true, strictFileInteractability: false, timeouts: {implicit: 0, pageLoad: 300000, script: 30000}, unhandledPromptBehavior: dismiss and notify, webauthn:extension:credBlob: true, webauthn:extension:largeBlob: true, webauthn:extension:minPinLength: true, webauthn:extension:prf: true, webauthn:virtualAuthenticators: true}
Session ID: 17cbacbc50939593011ab951b7e43ee1
at org.openqa.selenium.remote.codec.w3c.W3CHttpResponseCodec.createException(W3CHttpResponseCodec.java:200)
at org.openqa.selenium.remote.codec.w3c.W3CHttpResponseCodec.decode(W3CHttpResponseCodec.java:133)
at org.openqa.selenium.remote.codec.w3c.W3CHttpResponseCodec.decode(W3CHttpResponseCodec.java:53)
at org.openqa.selenium.remote.HttpCommandExecutor.execute(HttpCommandExecutor.java:184)
at org.openqa.selenium.remote.service.DriverCommandExecutor.invokeExecute(DriverCommandExecutor.java:164)
at org.openqa.selenium.remote.service.DriverCommandExecutor.execute(DriverCommandExecutor.java:139)
at org.openqa.selenium.remote.RemoteWebDriver.execute(RemoteWebDriver.java:559)
at org.openqa.selenium.remote.ElementLocation$ElementFinder$2.findElement(ElementLocation.java:162)
at org.openqa.selenium.remote.ElementLocation.findElement(ElementLocation.java:60)
at org.openqa.selenium.remote.RemoteWebDriver.findElement(RemoteWebDriver.java:383)
at org.openqa.selenium.remote.RemoteWebDriver.findElement(RemoteWebDriver.java:375)
at Utils.ElementFetch.getWebElement(ElementFetch.java:18)
at PageEvents.AddProductPageEvents.UpdateTheVideoURL(AddProductPageEvents.java:43)
at Test.login.EditProduct(login.java:231)
... Removed 32 stack frames]]>
    </failure>
  </testcase> <!-- EditProduct -->
  <testcase classname="Test.login" name="DeleteCategoryTest" time="16.19"/>
  <testcase classname="Test.login" name="DeleteBrand" time="0.0"/>
  <testcase classname="Test.login" name="CreateChildcategory" time="12.33"/>
  <testcase classname="Test.login" name="DargAndDropTest" time="6.205"/>
  <testcase classname="Test.login" name="HideOrUnHideCategoryTest" time="9.385">
    <failure type="org.openqa.selenium.NoSuchElementException" message="no such element: Unable to locate element: {&amp;quot;method&amp;quot;:&amp;quot;xpath&amp;quot;,&amp;quot;selector&amp;quot;:&amp;quot;(//*[@class=&amp;quot;fa-solid fa-ellipsis&amp;quot;])[1]&amp;quot;}
  (Session info: chrome-headless-shell=121.0.6167.85)
For documentation on this error, please visit: https://selenium.dev/exceptions/#no_such_element
Build info: version: &amp;apos;4.1.0&amp;apos;, revision: &amp;apos;87802e897b&amp;apos;
System info: host: &amp;apos;fv-az1543-44&amp;apos;, ip: &amp;apos;10.1.0.178&amp;apos;, os.name: &amp;apos;Linux&amp;apos;, os.arch: &amp;apos;amd64&amp;apos;, os.version: &amp;apos;6.2.0-1019-azure&amp;apos;, java.version: &amp;apos;11.0.22&amp;apos;
Driver info: org.openqa.selenium.chrome.ChromeDriver
Command: [17cbacbc50939593011ab951b7e43ee1, findElement {using=xpath, value=(//*[@class=&amp;quot;fa-solid fa-ellipsis&amp;quot;])[1]}]
Capabilities {acceptInsecureCerts: false, browserName: chrome-headless-shell, browserVersion: 121.0.6167.85, chrome: {chromedriverVersion: 121.0.6167.85 (3f98d690ad7e..., userDataDir: /tmp/.org.chromium.Chromium...}, fedcm:accounts: true, goog:chromeOptions: {debuggerAddress: localhost:39825}, javascriptEnabled: true, networkConnectionEnabled: false, pageLoadStrategy: normal, platform: LINUX, platformName: LINUX, proxy: Proxy(), se:cdp: ws://localhost:39825/devtoo..., se:cdpVersion: 121.0.6167.85, setWindowRect: true, strictFileInteractability: false, timeouts: {implicit: 0, pageLoad: 300000, script: 30000}, unhandledPromptBehavior: dismiss and notify, webauthn:extension:credBlob: true, webauthn:extension:largeBlob: true, webauthn:extension:minPinLength: true, webauthn:extension:prf: true, webauthn:virtualAuthenticators: true}
Session ID: 17cbacbc50939593011ab951b7e43ee1">
      <![CDATA[org.openqa.selenium.NoSuchElementException: no such element: Unable to locate element: {"method":"xpath","selector":"(//*[@class="fa-solid fa-ellipsis"])[1]"}
  (Session info: chrome-headless-shell=121.0.6167.85)
For documentation on this error, please visit: https://selenium.dev/exceptions/#no_such_element
Build info: version: '4.1.0', revision: '87802e897b'
System info: host: 'fv-az1543-44', ip: '10.1.0.178', os.name: 'Linux', os.arch: 'amd64', os.version: '6.2.0-1019-azure', java.version: '11.0.22'
Driver info: org.openqa.selenium.chrome.ChromeDriver
Command: [17cbacbc50939593011ab951b7e43ee1, findElement {using=xpath, value=(//*[@class="fa-solid fa-ellipsis"])[1]}]
Capabilities {acceptInsecureCerts: false, browserName: chrome-headless-shell, browserVersion: 121.0.6167.85, chrome: {chromedriverVersion: 121.0.6167.85 (3f98d690ad7e..., userDataDir: /tmp/.org.chromium.Chromium...}, fedcm:accounts: true, goog:chromeOptions: {debuggerAddress: localhost:39825}, javascriptEnabled: true, networkConnectionEnabled: false, pageLoadStrategy: normal, platform: LINUX, platformName: LINUX, proxy: Proxy(), se:cdp: ws://localhost:39825/devtoo..., se:cdpVersion: 121.0.6167.85, setWindowRect: true, strictFileInteractability: false, timeouts: {implicit: 0, pageLoad: 300000, script: 30000}, unhandledPromptBehavior: dismiss and notify, webauthn:extension:credBlob: true, webauthn:extension:largeBlob: true, webauthn:extension:minPinLength: true, webauthn:extension:prf: true, webauthn:virtualAuthenticators: true}
Session ID: 17cbacbc50939593011ab951b7e43ee1
at org.openqa.selenium.remote.codec.w3c.W3CHttpResponseCodec.createException(W3CHttpResponseCodec.java:200)
at org.openqa.selenium.remote.codec.w3c.W3CHttpResponseCodec.decode(W3CHttpResponseCodec.java:133)
at org.openqa.selenium.remote.codec.w3c.W3CHttpResponseCodec.decode(W3CHttpResponseCodec.java:53)
at org.openqa.selenium.remote.HttpCommandExecutor.execute(HttpCommandExecutor.java:184)
at org.openqa.selenium.remote.service.DriverCommandExecutor.invokeExecute(DriverCommandExecutor.java:164)
at org.openqa.selenium.remote.service.DriverCommandExecutor.execute(DriverCommandExecutor.java:139)
at org.openqa.selenium.remote.RemoteWebDriver.execute(RemoteWebDriver.java:559)
at org.openqa.selenium.remote.ElementLocation$ElementFinder$2.findElement(ElementLocation.java:162)
at org.openqa.selenium.remote.ElementLocation.findElement(ElementLocation.java:60)
at org.openqa.selenium.remote.RemoteWebDriver.findElement(RemoteWebDriver.java:383)
at org.openqa.selenium.remote.RemoteWebDriver.findElement(RemoteWebDriver.java:375)
at PageEvents.CategoriesPageEvents.ClickOnMenu(CategoriesPageEvents.java:65)
at Test.login.HideOrUnHideCategoryTest(login.java:333)
... Removed 32 stack frames]]>
    </failure>
  </testcase> <!-- HideOrUnHideCategoryTest -->
  <testcase classname="Test.login" name="SearchCategoryTest" time="13.484"/>
  <testcase classname="Test.login" name="CategoryProductsValidation" time="7.13"/>
</testsuite> <!-- Test -->
